<?xml version="1.0" encoding="UTF-8"?>
<!-- Generated by org.testng.reporters.JUnitReportReporter -->
<testsuite hostname="AND0026" name="NewTest.NewTest" tests="1" failures="0" timestamp="6 Feb 2017 13:22:41 GMT" time="10.474" errors="0">
  <testcase name="testEasy" time="10.474" classname="NewTest.NewTest"/>
</testsuite> <!-- NewTest.NewTest -->
