<?xml version="1.0" encoding="UTF-8"?>
<!-- Generated by org.testng.reporters.JUnitReportReporter -->
<testsuite hostname="AND0026" name="NewTest.FileUpload" tests="1" failures="0" timestamp="6 Feb 2017 13:43:42 GMT" time="12.732" errors="0">
  <testcase name="test" time="12.732" classname="NewTest.FileUpload"/>
</testsuite> <!-- NewTest.FileUpload -->
