<?xml version="1.0" encoding="UTF-8"?>
<!-- Generated by org.testng.reporters.JUnitReportReporter -->
<testsuite hostname="AND0026" name="NewTest.ScreenShot" tests="1" failures="0" timestamp="6 Feb 2017 14:14:11 GMT" time="0.324" errors="0">
  <testcase name="test" time="0.324" classname="NewTest.ScreenShot"/>
</testsuite> <!-- NewTest.ScreenShot -->
