<?xml version="1.0" encoding="UTF-8"?>
<!-- Generated by org.testng.reporters.JUnitReportReporter -->
<testsuite hostname="AND0026" name="NewTest.KeyboardInteractions" tests="2" failures="0" timestamp="6 Feb 2017 14:14:11 GMT" time="47.323" errors="0">
  <testcase name="capitalLetters" time="16.067" classname="NewTest.KeyboardInteractions"/>
  <testcase name="keyboardActs" time="31.256" classname="NewTest.KeyboardInteractions"/>
</testsuite> <!-- NewTest.KeyboardInteractions -->
