<?xml version="1.0" encoding="UTF-8"?>
<!-- Generated by org.testng.reporters.JUnitReportReporter -->
<testsuite hostname="AND0026" name="NewTest.NewTest" tests="1" failures="0" timestamp="6 Feb 2017 14:14:11 GMT" time="28.798" errors="0">
  <testcase name="testEasy" time="28.798" classname="NewTest.NewTest"/>
</testsuite> <!-- NewTest.NewTest -->
